<?xml version="1.0" encoding="UTF-8"?>
<!-- Generated by org.testng.reporters.JUnitXMLReporter -->
<testsuite ignored="0" hostname="DESKTOP-EM38F1O" failures="0" tests="4" name="GCdocker" time="47.622" errors="0" timestamp="2020-09-14T12:12:34 AEST">
  <testcase classname="dockerDemo.GCgoogle" name="GoogleChromeCheck" time="6.356"/>
  <testcase classname="dockerDemo.GCopenHRM" name="GoogleChromeCheck" time="12.731"/>
  <testcase classname="dockerDemo.MFFfacebook" name="firefoxFacebookCheck" time="19.313"/>
  <testcase classname="dockerDemo.GCflipkart" name="GoogleChromeCheck" time="22.488"/>
</testsuite> <!-- GCdocker -->
