<?xml version="1.0" encoding="UTF-8"?>
<testng-results ignored="0" total="2" passed="2" failed="0" skipped="0">
  <reporter-output>
  </reporter-output>
  <suite started-at="2020-09-09T16:29:06 AEST" name="Suite" finished-at="2020-09-09T16:29:27 AEST" duration-ms="20447">
    <groups>
    </groups>
    <test started-at="2020-09-09T16:29:06 AEST" name="GCdocker" finished-at="2020-09-09T16:29:18 AEST" duration-ms="11323">
      <class name="dockerDemo.GCdemo">
        <test-method signature="ChromeApp()[pri:0, instance:dockerDemo.GCdemo@4df50bcc]" started-at="2020-09-09T16:29:06 AEST" name="ChromeApp" finished-at="2020-09-09T16:29:18 AEST" duration-ms="11238" status="PASS">
          <reporter-output>
          </reporter-output>
        </test-method> <!-- ChromeApp -->
      </class> <!-- dockerDemo.GCdemo -->
    </test> <!-- GCdocker -->
    <test started-at="2020-09-09T16:29:06 AEST" name="MFFdocker" finished-at="2020-09-09T16:29:27 AEST" duration-ms="20447">
      <class name="dockerDemo.MFFdemo">
        <test-method signature="firefoxApp()[pri:0, instance:dockerDemo.MFFdemo@59d016c9]" started-at="2020-09-09T16:29:06 AEST" name="firefoxApp" finished-at="2020-09-09T16:29:27 AEST" duration-ms="20359" status="PASS">
          <reporter-output>
          </reporter-output>
        </test-method> <!-- firefoxApp -->
      </class> <!-- dockerDemo.MFFdemo -->
    </test> <!-- MFFdocker -->
  </suite> <!-- Suite -->
</testng-results>
